<hill version="DSJ4-1.7.0">
  <location latitude="49.1976" longitude="20.0712" orientation="245.0" timezone="2.0" altitude="1300.0" />
  <weather pollution="0.0" firstsnow="300.0" lastsnow="90.0" maxsnow="1.5" precipitationprobability="0.1" fogprobability="0.1" />
  <inrun>
    <profile e="66.08" es="10.83" t="3.89" gamma="40.5" alpha="5.5" r1="75" s="0.89" b1="1.43" z0="0" l="4.64" f="1.43" />
    <track type="ceramic" snow="false" />
    <guardrail z1="-1.0" z2="1.0" x="30" />
    <startgate default="4" max="15" step="0.35" wind="2.4" z1="-1.0" z2="1.0" pz1="-0.8" pz2="0.8" t1="Textures\metal.png" m1="Materials\material1.xml" c1="0xaaaaaa" t2="Textures\metal.png" m2="Materials\material1.xml" c2="0x999999" t3="Textures\metal.png" c3="0x858585" />
    <startbanner z="0" text="TEST" textsize="0.1" />
    <frame bh="1.43" snow="true" t="Textures\concrete5.png" m="Materials\material1.xml" c0="0x97a594" c1="0xB2ABA0" c="0x504941" c2="0xB2ABA0" />
    <flag x="12.5" z="4.55" hf="1.4" pf="1.6153" hp="15.0" rb="0.07" rt="0.05" tf="Textures\flag-pol.png" mf="Materials\flag.xml" tp="Textures\wood1.png" mp="Materials\material1.xml" cp="0xffffff" />
    <twigs lz="1.0" rz="-1.0" />
  </inrun>
  <dhill>
    <profile alpha="6.28" h="44.95" n="76.72" l1="11.46" l2="9.56" a="87,5" beta-p="37.7" beta="34.7" beta-l="32.2" rl="218.68" r2="62.76" b0="6.79" bk="16.69" ba="17.86" hr="7.14" nr="42.86" ar="7.14" k="86" hs="100" />
    <fence t="Textures\fenceback.png" m="Materials\material1.xml" c="0xffffff" />
    <judgetower d="68.5" q="25.4" h="+4" t1="Textures\wood3.png" m1="Materials\wood.xml" c1="0x78554e" t2="Textures\wood3.png" m2="Materials\wood.xml" c2="0x959183" />
    <lights x0="-71.43" x1="150" side="left" step="60" size="3" h="30" d="8.93" r="0.70" g="0.65" b="0.6" attn="0.0005" range="200" t="Textures\rust1.png" m="Materials\metal.xml" c="0x999999" />
    <windflags h="2.86" l="2.93" d="0.43" t="Textures\rust1.png" m="Materials\metal.xml" c="0x999999" />
    <measurers c1="0xff0000" c2="0xdddddd" />
    <label summer-d="54" winter-d="54" text="TEST" textsize="1.79" />
    <plastic c="0x769391" />
    <lines summer-min="75" summer-max="104" winter-min="75" winter-max="104" />
    <numbers min="36" max="100" />
  </dhill>
  <profile id="inrun-right" side="right" maxstep="1000">
    <start x="-10" y="-1.0" refx="inrun" />
    <line x="0" y="-1.0" refx="dhill" />
  </profile>
  <profile id="inrun-left" side="right" maxstep="1000">
    <start x="-10" y="1.0" refx="inrun" />
    <line x="0" y="1.0" refx="dhill" />
  </profile>
  <terrain>
    <profile in="0.7" a0="5.0" l0="50.0" y0="-15.0" hd="13.5" dd="75.0" sd="30" fd="300" sc="0.07" sm="0.47" rs="1820" c1="0x443920" c2="0x5D603A" tsc="0.008" tsm="0.4" />
    <trees count="10000" minheight="10" maxheight="20" fractalthreshold="0.8" maxaltitude="1600" normalaltitude="1000" seed="142" />
    <blocks count="10" minsaturation="0.0" maxsaturation="0.1" minfloors="1" maxfloors="4" maxaltitude="1300" normalaltitude="1000" fractalthreshold="0.3" seed="258" />
    <houses count="200" minsaturation="0.0" maxsaturation="0.2" minfloors="1" maxfloors="3" maxaltitude="1600" normalaltitude="1000" fractalthreshold="0.5" seed="156" />
    <audience count="3571" d="36" x0="-35.7" seed="4135" />
  </terrain>
  <stairs refx="inrun" lz="2" rz="1" c2="0xe8ebea" m2="Materials\material1.xml" t2="Textures\railing-glass.png" c1="0xf2e5c7" m1="Materials\material1.xml" t1="Textures\rubbermat.png" x1="0" x2="14" />
  <stairs refx="inrun" lz="-1" rz="-2" c2="0xe8ebea" m2="Materials\material1.xml" t2="Textures\railing-glass.png" c1="0xf2e5c7" m1="Materials\material1.xml" t1="Textures\rubbermat.png" x1="0" x2="14" />
  <railing refx1="inrun" refx2="dhill" h="2.0" w="4.0" t="Textures\railing-glass.png" m="Materials\material1.xml" c="0xf2e5c7" y="-2.1" />
  <railing refx1="inrun" refx2="dhill" type="glass" h="0.4" w="0.1" z1="2" z2="2" t="Textures\railing-glass.png" m="Materials\window.xml" c="0xffffffff" t3="Textures\railing-glass-cut.png" m3="Materials\window.xml" c3="0xffffffff" t6="Textures\railing-glass-cut.png" m6="Materials\window.xml" c6="0xffffffff" />
  <railing refx1="inrun" refx2="dhill" guard="false" type="glass" h="0.4" w="0.1" z1="-2" z2="-2" t="Textures\railing-glass.png" m="Materials\window.xml" c="0xffffffff" t3="Textures\railing-glass-cut.png" m3="Materials\window.xml" c3="0xffffffff" t6="Textures\railing-glass-cut.png" m6="Materials\window.xml" c6="0xffffffff" />
  <pillar brefy="terrain" trefy="inrun-top" t="Textures\railing-glass.png" m="Materials\material1.xml" c="0xf2e5c7" x1="0" x2="3" refrz="inrun-right" reflz="inrun-left" top="false" />
</hill>